Testing with GOOG...
Extracted 61 metrics for GOOG
\nTest result for GOOG:
  industry: Tech
  marketcap: 3396526140000.0
  enterpriseValue: 3342225140000.0
  earningsdate: Oct 29 2025
  exdivdate: Sep 8 2025
  sharesOutClass: 5407000000.0
  sharesout: 5407000000.0
  sharesgrowthyoy: -2.012
  sharesgrowthqoq: 0.041
  float: 10814347191.0
Fetching data for MSFT...
Extracted 61 metrics for MSFT
Fetching data for ADBE...
Extracted 61 metrics for ADBE
Fetching data for AMZN...
Extracted 61 metrics for AMZN
Fetching data for META...
Extracted 61 metrics for META
Fetching data for TSLA...
Extracted 61 metrics for TSLA
Fetching data for NFLX...
Extracted 61 metrics for NFLX
Fetching data for AAPL...
Extracted 61 metrics for AAPL
Fetching data for GOOG...
Extracted 61 metrics for GOOG
Fetching data for RCL...
Extracted 61 metrics for RCL
Fetching data for BA...
Extracted 61 metrics for BA
Fetching data for UAL...
Extracted 61 metrics for UAL
Fetching data for LUV...
Extracted 61 metrics for LUV
Fetching data for CCL...
Extracted 61 metrics for CCL
Fetching data for ALK...
Extracted 61 metrics for ALK
Fetching data for DAL...
Extracted 61 metrics for DAL
Fetching data for AAL...
Extracted 61 metrics for AAL
Fetching data for SOFI...
Extracted 61 metrics for SOFI
Fetching data for NU...
Extracted 61 metrics for NU
Fetching data for C...
Extracted 61 metrics for C
Fetching data for GS...
Extracted 61 metrics for GS
Fetching data for BAC...
Extracted 61 metrics for BAC
Fetching data for WFC...
Extracted 61 metrics for WFC
Fetching data for JPM...
Extracted 61 metrics for JPM
Fetching data for CVS...
Extracted 61 metrics for CVS
Fetching data for ISRG...
Extracted 61 metrics for ISRG
Fetching data for ABBV...
Extracted 61 metrics for ABBV
Fetching data for DIS...
Extracted 61 metrics for DIS
Fetching data for UNH...
Extracted 61 metrics for UNH
Fetching data for TRV...
Extracted 61 metrics for TRV
Fetching data for MA...
Extracted 61 metrics for MA
Fetching data for V...
Extracted 61 metrics for V
Fetching data for PYPL...
Extracted 61 metrics for PYPL
Fetching data for AXP...
Extracted 61 metrics for AXP
Fetching data for TPR...
Extracted 61 metrics for TPR
Fetching data for PVH...
Extracted 61 metrics for PVH
Fetching data for EL...
Extracted 61 metrics for EL
Fetching data for NKE...
Extracted 61 metrics for NKE
Fetching data for FL...
Extracted 61 metrics for FL
Fetching data for JWN...
Extracted 61 metrics for JWN
Fetching data for COST...
Extracted 61 metrics for COST
Fetching data for LULU...
Extracted 61 metrics for LULU
Fetching data for DG...
Extracted 61 metrics for DG
Fetching data for KR...
Extracted 61 metrics for KR
Fetching data for PG...
Extracted 61 metrics for PG
Fetching data for PEP...
Extracted 61 metrics for PEP
Fetching data for DPZ...
Extracted 61 metrics for DPZ
Fetching data for SBUX...
Extracted 61 metrics for SBUX
Fetching data for PLAY...
Extracted 61 metrics for PLAY
Fetching data for YUM...
Extracted 61 metrics for YUM
Fetching data for CMG...
Extracted 61 metrics for CMG
Fetching data for KO...
Extracted 61 metrics for KO
Fetching data for CELH...
Extracted 61 metrics for CELH
Fetching data for TSN...
Extracted 61 metrics for TSN
Fetching data for HIMS...
Extracted 61 metrics for HIMS
Fetching data for DIN...
Extracted 61 metrics for DIN
Fetching data for MCD...
Extracted 61 metrics for MCD
Fetching data for FIZZ...
Extracted 61 metrics for FIZZ
Fetching data for BLMN...
Extracted 61 metrics for BLMN
Fetching data for MNST...
Extracted 61 metrics for MNST
Fetching data for JACK...
Extracted 61 metrics for JACK
Fetching data for CAKE...
Extracted 61 metrics for CAKE
Fetching data for DENN...
Extracted 61 metrics for DENN
Fetching data for AVGO...
Extracted 61 metrics for AVGO
Fetching data for QCOM...
Extracted 61 metrics for QCOM
Fetching data for SWKS...
Extracted 61 metrics for SWKS
Fetching data for NVDA...
Extracted 61 metrics for NVDA
Fetching data for AMD...
Extracted 61 metrics for AMD
Fetching data for CLS...
Extracted 61 metrics for CLS
Fetching data for ARM...
Extracted 61 metrics for ARM
Fetching data for MRVL...
Extracted 61 metrics for MRVL
Fetching data for INTC...
Extracted 61 metrics for INTC
Fetching data for DELL...
Extracted 61 metrics for DELL
Fetching data for MU...
Extracted 61 metrics for MU
Fetching data for TSM...
Extracted 61 metrics for TSM
Fetching data for HPE...
Extracted 61 metrics for HPE
Fetching data for QRVO...
Extracted 61 metrics for QRVO
Fetching data for ASML...
Extracted 61 metrics for ASML
Fetching data for AMAT...
Extracted 61 metrics for AMAT
Fetching data for VLO...
Extracted 61 metrics for VLO
Fetching data for CVX...
Extracted 61 metrics for CVX
Fetching data for XOM...
Extracted 61 metrics for XOM
Fetching data for COP...
Extracted 61 metrics for COP
Fetching data for OXY...
Extracted 61 metrics for OXY
Fetching data for HLT...
Extracted 61 metrics for HLT
Fetching data for ABNB...
Extracted 61 metrics for ABNB
Fetching data for IHG...
Extracted 61 metrics for IHG
Fetching data for H...
Extracted 61 metrics for H
Fetching data for BKNG...
Extracted 61 metrics for BKNG
Fetching data for MGM...
Extracted 61 metrics for MGM
Fetching data for LVS...
Extracted 61 metrics for LVS
Fetching data for MAR...
Extracted 61 metrics for MAR
Fetching data for EXPE...
Extracted 61 metrics for EXPE
Fetching data for WYNN...
Extracted 61 metrics for WYNN
Fetching data for NEE...
Extracted 61 metrics for NEE
Fetching data for SEDG...
Extracted 61 metrics for SEDG
Fetching data for HON...
Extracted 61 metrics for HON
Fetching data for FSLR...
Extracted 61 metrics for FSLR
Fetching data for CAT...
Extracted 61 metrics for CAT
Fetching data for HD...
Extracted 61 metrics for HD
Fetching data for ENPH...
Extracted 61 metrics for ENPH
Fetching data for OKLO...
Extracted 61 metrics for OKLO
Fetching data for APD...
Extracted 61 metrics for APD
Fetching data for SUM...
Extracted 61 metrics for SUM
Fetching data for X...
Extracted 61 metrics for X
Fetching data for WM...
Extracted 61 metrics for WM
Fetching data for GE...
Extracted 61 metrics for GE
Fetching data for DE...
Extracted 61 metrics for DE
Fetching data for ETN...
Extracted 61 metrics for ETN
Fetching data for MMM...
Extracted 61 metrics for MMM
Fetching data for BSX...
Extracted 61 metrics for BSX
Fetching data for MDB...
Extracted 61 metrics for MDB
Fetching data for NOW...
Extracted 61 metrics for NOW
Fetching data for ACN...
Extracted 61 metrics for ACN
Fetching data for CRM...
Extracted 61 metrics for CRM
Fetching data for SAP...
Extracted 61 metrics for SAP
Fetching data for WDAY...
Extracted 61 metrics for WDAY
Fetching data for OKTA...
Extracted 61 metrics for OKTA
Fetching data for INOD...
Extracted 61 metrics for INOD
Fetching data for SNOW...
Extracted 61 metrics for SNOW
Fetching data for TTD...
Extracted 61 metrics for TTD
Fetching data for CFLT...
Extracted 61 metrics for CFLT
Fetching data for SQ...
Extracted 61 metrics for SQ
Fetching data for ADSK...
Extracted 61 metrics for ADSK
Fetching data for SHOP...
Extracted 61 metrics for SHOP
Fetching data for DDOG...
Extracted 61 metrics for DDOG
Fetching data for INTU...
Extracted 61 metrics for INTU
Fetching data for PANW...
Extracted 61 metrics for PANW
Fetching data for ETSY...
Extracted 61 metrics for ETSY
Fetching data for OKTA...
Extracted 61 metrics for OKTA
Fetching data for DASH...
Extracted 61 metrics for DASH
Fetching data for TWLO...
Extracted 61 metrics for TWLO
Fetching data for ZS...
Extracted 61 metrics for ZS
Fetching data for CRWD...
Extracted 61 metrics for CRWD
Fetching data for DOCU...
Extracted 61 metrics for DOCU
Fetching data for TTD...
Extracted 61 metrics for TTD
Fetching data for FTNT...
Extracted 61 metrics for FTNT
Fetching data for PATH...
Extracted 61 metrics for PATH
Fetching data for SPLK...
Extracted 61 metrics for SPLK
Fetching data for AKAM...
Extracted 61 metrics for AKAM
Fetching data for ORCL...
Extracted 61 metrics for ORCL
Fetching data for U...
Extracted 61 metrics for U
Fetching data for CYBR...
Extracted 61 metrics for CYBR
Fetching data for RDDT...
Extracted 61 metrics for RDDT
Fetching data for HUBS...
Extracted 61 metrics for HUBS
Fetching data for MDB...
Extracted 61 metrics for MDB
Fetching data for UBER...
Extracted 61 metrics for UBER
Fetching data for GEN...
Extracted 61 metrics for GEN
Fetching data for MTCH...
Extracted 61 metrics for MTCH
Fetching data for NET...
Extracted 61 metrics for NET
Fetching data for WDAY...
Extracted 61 metrics for WDAY
Fetching data for CHKP...
Extracted 61 metrics for CHKP
Fetching data for SNAP...
Extracted 61 metrics for SNAP
Fetching data for APP...
Extracted 61 metrics for APP
Fetching data for EXPE...
Extracted 61 metrics for EXPE
Fetching data for PINS...
Extracted 61 metrics for PINS
Fetching data for RBLX...
Extracted 61 metrics for RBLX
Fetching data for Z...
Extracted 61 metrics for Z
Fetching data for PLTR...
Extracted 61 metrics for PLTR
