2025-01-31 13:37:13,649 - INFO - Fetching 5Y PE ratio for stock: AAPL
2025-01-31 13:37:13,649 - INFO - ====== WebDriver manager ======
2025-01-31 13:37:19,012 - INFO - Get LATEST chromedriver version for google-chrome
2025-01-31 13:37:19,228 - INFO - Get LATEST chromedriver version for google-chrome
2025-01-31 13:37:19,433 - INFO - Driver [/Users/yankesswang/.wdm/drivers/chromedriver/mac64/132.0.6834.159/chromedriver-mac-arm64/chromedriver] found in cache
2025-01-31 13:37:20,864 - INFO - WebDriver initialized successfully.
2025-01-31 13:37:20,864 - INFO - Navigating to https://financecharts.com/stocks/AAPL/valuation/pe-ratio
2025-01-31 13:37:21,877 - INFO - Retrieved page HTML successfully for URL https://financecharts.com/stocks/AAPL/valuation/pe-ratio
2025-01-31 13:37:21,958 - INFO - WebDriver closed for URL https://financecharts.com/stocks/AAPL/valuation/pe-ratio
2025-01-31 13:37:21,958 - INFO - Found 0 div(s) with class 'col faq' in URL https://financecharts.com/stocks/AAPL/valuation/pe-ratio
2025-01-31 13:37:21,958 - ERROR - Failed to locate the 5Y PE average in the HTML for URL https://financecharts.com/stocks/AAPL/valuation/pe-ratio.
2025-01-31 13:37:21,958 - WARNING - Failed to fetch PE ratio for AAPL.
2025-01-31 15:55:14,526 - INFO - Fetching 5Y PE ratio for stock: AAPL
2025-01-31 15:55:14,526 - INFO - ====== WebDriver manager ======
2025-01-31 15:55:20,009 - INFO - Get LATEST chromedriver version for google-chrome
2025-01-31 15:55:20,246 - INFO - Get LATEST chromedriver version for google-chrome
2025-01-31 15:55:20,457 - INFO - Driver [/Users/yankesswang/.wdm/drivers/chromedriver/mac64/132.0.6834.159/chromedriver-mac-arm64/chromedriver] found in cache
2025-01-31 15:55:21,978 - INFO - WebDriver initialized successfully.
2025-01-31 15:55:21,978 - INFO - Navigating to https://financecharts.com/stocks/AAPL/valuation/pe-ratio
2025-01-31 15:55:24,411 - INFO - Retrieved page HTML successfully for URL https://financecharts.com/stocks/AAPL/valuation/pe-ratio
2025-01-31 15:55:24,483 - INFO - WebDriver closed for URL https://financecharts.com/stocks/AAPL/valuation/pe-ratio
2025-01-31 15:55:24,491 - INFO - Found 0 div(s) with class 'col faq' in URL https://financecharts.com/stocks/AAPL/valuation/pe-ratio
2025-01-31 15:55:24,491 - ERROR - Failed to locate the 5Y PE average in the HTML for URL https://financecharts.com/stocks/AAPL/valuation/pe-ratio.
2025-01-31 15:55:24,491 - WARNING - Failed to fetch PE ratio for AAPL.
